<?xml version="1.0" encoding="UTF-8"?>
<!-- Generated by org.testng.reporters.JUnitXMLReporter -->
<testsuite ignored="0" hostname="DESKTOP-BEF1GK6" failures="0" tests="6" name="Surefire test" time="2.932" errors="0" timestamp="2023-10-15T18:23:56 IST">
  <testcase classname="TestCases.BaseClass" name="@BeforeClass setUp" time="-1.697374433403E9">
    <failure type="org.testng.TestNGException" message="
Parameter &amp;apos;browser&amp;apos; is required by BeforeClass on method setUp but has not been marked @Optional or defined
">
      <![CDATA[org.testng.TestNGException: 
Parameter 'browser' is required by BeforeClass on method setUp but has not been marked @Optional or defined

at java.base/java.util.ArrayList.forEach(ArrayList.java:1511)
... Removed 27 stack frames]]>
    </failure>
  </testcase> <!-- @BeforeClass setUp -->
  <testcase classname="TestCases.BaseClass" name="@BeforeClass setUp" time="-1.697374433462E9">
    <failure type="org.testng.TestNGException" message="
Parameter &amp;apos;browser&amp;apos; is required by BeforeClass on method setUp but has not been marked @Optional or defined
">
      <![CDATA[org.testng.TestNGException: 
Parameter 'browser' is required by BeforeClass on method setUp but has not been marked @Optional or defined

at java.base/java.util.ArrayList.forEach(ArrayList.java:1511)
... Removed 27 stack frames]]>
    </failure>
  </testcase> <!-- @BeforeClass setUp -->
  <testcase classname="TestCases.AccountRegistrationTest" name="test_account_regestration" time="0.0">
    <skipped/>
  </testcase> <!-- test_account_regestration -->
  <testcase classname="TestCases.LoginTest" name="tets_login" time="0.0">
    <skipped/>
  </testcase> <!-- tets_login -->
  <testcase classname="TestCases.LoginTest" name="tets_login" time="0.001">
    <skipped/>
  </testcase> <!-- tets_login -->
  <testcase classname="TestCases.LoginTest" name="tets_login" time="0.0">
    <skipped/>
  </testcase> <!-- tets_login -->
  <testcase classname="TestCases.LoginTest" name="tets_login" time="0.001">
    <skipped/>
  </testcase> <!-- tets_login -->
  <testcase classname="TestCases.LoginTest" name="tets_login" time="0.001">
    <skipped/>
  </testcase> <!-- tets_login -->
</testsuite> <!-- Surefire test -->
